<?xml version="1.0" encoding="UTF-8"?>
<!-- Generated by org.testng.reporters.JUnitXMLReporter -->
<testsuite ignored="0" hostname="ruchisharma01" failures="0" tests="3" name="Default test" time="59.368" errors="0" timestamp="2023-04-28T23:04:51 IST">
  <testcase classname="testcases.LoginTest" name="test1" time="13.933"/>
  <testcase classname="testcases.LoginTest" name="test2" time="12.383"/>
  <testcase classname="testcases.LoginTest" name="test4" time="13.261"/>
</testsuite> <!-- Default test -->
