<?xml version="1.0" encoding="UTF-8"?>
<!-- Generated by org.testng.reporters.JUnitXMLReporter -->
<testsuite ignored="2" hostname="ruchisharma01" failures="0" tests="3" name="Test" time="10.404" errors="0" timestamp="2023-04-27T22:00:39 IST">
  <testcase classname="testcases.BaseClass" name="@BeforeMethod setUp" time="0.03">
    <failure type="java.lang.NullPointerException" message="Cannot invoke &amp;quot;com.relevantcodes.extentreports.ExtentReports.startTest(String)&amp;quot; because &amp;quot;this.report&amp;quot; is null">
      <![CDATA[java.lang.NullPointerException: Cannot invoke "com.relevantcodes.extentreports.ExtentReports.startTest(String)" because "this.report" is null
at testcases.BaseClass.setUp(BaseClass.java:36)
at java.base/java.util.ArrayList.forEach(ArrayList.java:1511)
... Removed 31 stack frames]]>
    </failure>
  </testcase> <!-- @BeforeMethod setUp -->
  <testcase classname="testcases.BaseClass" name="@AfterMethod TearDown" time="-1.682613038616E9">
    <skipped/>
  </testcase> <!-- @AfterMethod TearDown -->
  <testcase classname="testcases.BaseClass" name="@BeforeMethod setUp" time="-1.682613038619E9">
    <skipped/>
  </testcase> <!-- @BeforeMethod setUp -->
  <testcase classname="testcases.BaseClass" name="@AfterMethod TearDown" time="-1.682613038627E9">
    <skipped/>
  </testcase> <!-- @AfterMethod TearDown -->
  <testcase classname="testcases.HomePageTest" name="Test3" time="0.009"/>
  <testcase classname="testcases.LoginTest" name="test1" time="0.0">
    <skipped/>
  </testcase> <!-- test1 -->
  <testcase classname="testcases.LoginTest" name="test2" time="0.0">
    <skipped/>
  </testcase> <!-- test2 -->
  <testcase classname="testcases.BaseClass" name="@BeforeTest ReportSetup" time="0.0">
    <ignored/>
  </testcase> <!-- @BeforeTest ReportSetup -->
  <testcase classname="testcases.BaseClass" name="@AfterTest ReportClean" time="0.0">
    <ignored/>
  </testcase> <!-- @AfterTest ReportClean -->
</testsuite> <!-- Test -->
