<?xml version="1.0" encoding="UTF-8"?>
<testng-results ignored="0" total="3" passed="3" failed="0" skipped="0">
  <reporter-output>
  </reporter-output>
  <suite started-at="2023-04-28T23:03:52 IST" name="Default suite" finished-at="2023-04-28T23:04:51 IST" duration-ms="59368">
    <groups>
    </groups>
    <test started-at="2023-04-28T23:03:52 IST" name="Default test" finished-at="2023-04-28T23:04:51 IST" duration-ms="59368">
      <class name="testcases.LoginTest">
        <test-method is-config="true" signature="ReportSetup()[pri:0, instance:testcases.LoginTest@5fbdfdcf]" started-at="2023-04-28T23:03:52 IST" name="ReportSetup" finished-at="2023-04-28T23:03:53 IST" duration-ms="1282" status="PASS">
          <reporter-output>
          </reporter-output>
        </test-method> <!-- ReportSetup -->
        <test-method is-config="true" signature="setUp(java.lang.reflect.Method)[pri:0, instance:testcases.LoginTest@5fbdfdcf]" started-at="2023-04-28T23:03:53 IST" name="setUp" finished-at="2023-04-28T23:04:01 IST" duration-ms="7484" status="PASS">
          <params>
            <param index="0">
              <value>
                <![CDATA[public void testcases.LoginTest.test1()]]>
              </value>
            </param>
          </params>
          <reporter-output>
          </reporter-output>
        </test-method> <!-- setUp -->
        <test-method signature="test1()[pri:0, instance:testcases.LoginTest@5fbdfdcf]" started-at="2023-04-28T23:04:01 IST" name="test1" finished-at="2023-04-28T23:04:15 IST" duration-ms="13933" status="PASS">
          <reporter-output>
          </reporter-output>
        </test-method> <!-- test1 -->
        <test-method is-config="true" signature="TearDown()[pri:0, instance:testcases.LoginTest@5fbdfdcf]" started-at="2023-04-28T23:04:15 IST" name="TearDown" finished-at="2023-04-28T23:04:16 IST" duration-ms="764" status="PASS">
          <reporter-output>
          </reporter-output>
        </test-method> <!-- TearDown -->
        <test-method is-config="true" signature="setUp(java.lang.reflect.Method)[pri:0, instance:testcases.LoginTest@5fbdfdcf]" started-at="2023-04-28T23:04:16 IST" name="setUp" finished-at="2023-04-28T23:04:19 IST" duration-ms="3548" status="PASS">
          <params>
            <param index="0">
              <value>
                <![CDATA[public void testcases.LoginTest.test2()]]>
              </value>
            </param>
          </params>
          <reporter-output>
          </reporter-output>
        </test-method> <!-- setUp -->
        <test-method signature="test2()[pri:0, instance:testcases.LoginTest@5fbdfdcf]" started-at="2023-04-28T23:04:19 IST" name="test2" finished-at="2023-04-28T23:04:32 IST" duration-ms="12383" status="PASS">
          <reporter-output>
          </reporter-output>
        </test-method> <!-- test2 -->
        <test-method is-config="true" signature="TearDown()[pri:0, instance:testcases.LoginTest@5fbdfdcf]" started-at="2023-04-28T23:04:32 IST" name="TearDown" finished-at="2023-04-28T23:04:32 IST" duration-ms="662" status="PASS">
          <reporter-output>
          </reporter-output>
        </test-method> <!-- TearDown -->
        <test-method is-config="true" signature="setUp(java.lang.reflect.Method)[pri:0, instance:testcases.LoginTest@5fbdfdcf]" started-at="2023-04-28T23:04:32 IST" name="setUp" finished-at="2023-04-28T23:04:36 IST" duration-ms="4325" status="PASS">
          <params>
            <param index="0">
              <value>
                <![CDATA[public void testcases.LoginTest.test4() throws com.codoid.products.exception.FilloException]]>
              </value>
            </param>
          </params>
          <reporter-output>
          </reporter-output>
        </test-method> <!-- setUp -->
        <test-method signature="test4()[pri:0, instance:testcases.LoginTest@5fbdfdcf]" started-at="2023-04-28T23:04:36 IST" name="test4" finished-at="2023-04-28T23:04:50 IST" duration-ms="13261" status="PASS">
          <reporter-output>
          </reporter-output>
        </test-method> <!-- test4 -->
        <test-method is-config="true" signature="TearDown()[pri:0, instance:testcases.LoginTest@5fbdfdcf]" started-at="2023-04-28T23:04:50 IST" name="TearDown" finished-at="2023-04-28T23:04:51 IST" duration-ms="1057" status="PASS">
          <reporter-output>
          </reporter-output>
        </test-method> <!-- TearDown -->
        <test-method is-config="true" signature="ReportClean()[pri:0, instance:testcases.LoginTest@5fbdfdcf]" started-at="2023-04-28T23:04:51 IST" name="ReportClean" finished-at="2023-04-28T23:04:51 IST" duration-ms="604" status="PASS">
          <reporter-output>
          </reporter-output>
        </test-method> <!-- ReportClean -->
      </class> <!-- testcases.LoginTest -->
    </test> <!-- Default test -->
  </suite> <!-- Default suite -->
</testng-results>
